2016-09-23T14:10:26-03:00 CRIT (2): exception 'Exception' with message 'Could not find row 0' in /var/www/BrtLabs/zend/skeleton-application/module/Album/src/Album/Model/AlbumTable.php:27
Stack trace:
#0 /var/www/BrtLabs/zend/skeleton-application/module/AlbumRest/src/AlbumRest/Controller/AlbumRestController.php(37): Album\Model\AlbumTable->getAlbum(NULL)
#1 /var/www/BrtLabs/zend/skeleton-application/module/AlbumRest/src/AlbumRest/Controller/AlbumRestController.php(54): AlbumRest\Controller\AlbumRestController->get(NULL)
#2 /var/www/BrtLabs/zend/skeleton-application/vendor/zendframework/zend-mvc/src/Controller/AbstractRestfulController.php(458): AlbumRest\Controller\AlbumRestController->create(Array)
#3 /var/www/BrtLabs/zend/skeleton-application/vendor/zendframework/zend-mvc/src/Controller/AbstractRestfulController.php(416): Zend\Mvc\Controller\AbstractRestfulController->processPostData(Object(Zend\Http\PhpEnvironment\Request))
#4 [internal function]: Zend\Mvc\Controller\AbstractRestfulController->onDispatch(Object(Zend\Mvc\MvcEvent))
#5 /var/www/BrtLabs/zend/skeleton-application/vendor/zendframework/zend-eventmanager/src/EventManager.php(490): call_user_func(Array, Object(Zend\Mvc\MvcEvent))
#6 /var/www/BrtLabs/zend/skeleton-application/vendor/zendframework/zend-eventmanager/src/EventManager.php(263): Zend\EventManager\EventManager->triggerListeners('dispatch', Object(Zend\Mvc\MvcEvent), Object(Closure))
#7 /var/www/BrtLabs/zend/skeleton-application/vendor/zendframework/zend-mvc/src/Controller/AbstractController.php(118): Zend\EventManager\EventManager->triggerEventUntil(Object(Closure), Object(Zend\Mvc\MvcEvent))
#8 /var/www/BrtLabs/zend/skeleton-application/vendor/zendframework/zend-mvc/src/Controller/AbstractRestfulController.php(300): Zend\Mvc\Controller\AbstractController->dispatch(Object(Zend\Http\PhpEnvironment\Request), Object(Zend\Http\PhpEnvironment\Response))
#9 /var/www/BrtLabs/zend/skeleton-application/vendor/zendframework/zend-mvc/src/DispatchListener.php(118): Zend\Mvc\Controller\AbstractRestfulController->dispatch(Object(Zend\Http\PhpEnvironment\Request), Object(Zend\Http\PhpEnvironment\Response))
#10 [internal function]: Zend\Mvc\DispatchListener->onDispatch(Object(Zend\Mvc\MvcEvent))
#11 /var/www/BrtLabs/zend/skeleton-application/vendor/zendframework/zend-eventmanager/src/EventManager.php(490): call_user_func(Array, Object(Zend\Mvc\MvcEvent))
#12 /var/www/BrtLabs/zend/skeleton-application/vendor/zendframework/zend-eventmanager/src/EventManager.php(263): Zend\EventManager\EventManager->triggerListeners('dispatch', Object(Zend\Mvc\MvcEvent), Object(Closure))
#13 /var/www/BrtLabs/zend/skeleton-application/vendor/zendframework/zend-mvc/src/Application.php(340): Zend\EventManager\EventManager->triggerEventUntil(Object(Closure), Object(Zend\Mvc\MvcEvent))
#14 /var/www/BrtLabs/zend/skeleton-application/public/index.php(26): Zend\Mvc\Application->run()
#15 {main}
2016-09-23T14:11:36-03:00 CRIT (2): exception 'Exception' with message 'Could not find row 0' in /var/www/BrtLabs/zend/skeleton-application/module/Album/src/Album/Model/AlbumTable.php:27
Stack trace:
#0 /var/www/BrtLabs/zend/skeleton-application/module/AlbumRest/src/AlbumRest/Controller/AlbumRestController.php(37): Album\Model\AlbumTable->getAlbum(NULL)
#1 /var/www/BrtLabs/zend/skeleton-application/module/AlbumRest/src/AlbumRest/Controller/AlbumRestController.php(54): AlbumRest\Controller\AlbumRestController->get(NULL)
#2 /var/www/BrtLabs/zend/skeleton-application/vendor/zendframework/zend-mvc/src/Controller/AbstractRestfulController.php(458): AlbumRest\Controller\AlbumRestController->create(Array)
#3 /var/www/BrtLabs/zend/skeleton-application/vendor/zendframework/zend-mvc/src/Controller/AbstractRestfulController.php(416): Zend\Mvc\Controller\AbstractRestfulController->processPostData(Object(Zend\Http\PhpEnvironment\Request))
#4 [internal function]: Zend\Mvc\Controller\AbstractRestfulController->onDispatch(Object(Zend\Mvc\MvcEvent))
#5 /var/www/BrtLabs/zend/skeleton-application/vendor/zendframework/zend-eventmanager/src/EventManager.php(490): call_user_func(Array, Object(Zend\Mvc\MvcEvent))
#6 /var/www/BrtLabs/zend/skeleton-application/vendor/zendframework/zend-eventmanager/src/EventManager.php(263): Zend\EventManager\EventManager->triggerListeners('dispatch', Object(Zend\Mvc\MvcEvent), Object(Closure))
#7 /var/www/BrtLabs/zend/skeleton-application/vendor/zendframework/zend-mvc/src/Controller/AbstractController.php(118): Zend\EventManager\EventManager->triggerEventUntil(Object(Closure), Object(Zend\Mvc\MvcEvent))
#8 /var/www/BrtLabs/zend/skeleton-application/vendor/zendframework/zend-mvc/src/Controller/AbstractRestfulController.php(300): Zend\Mvc\Controller\AbstractController->dispatch(Object(Zend\Http\PhpEnvironment\Request), Object(Zend\Http\PhpEnvironment\Response))
#9 /var/www/BrtLabs/zend/skeleton-application/vendor/zendframework/zend-mvc/src/DispatchListener.php(118): Zend\Mvc\Controller\AbstractRestfulController->dispatch(Object(Zend\Http\PhpEnvironment\Request), Object(Zend\Http\PhpEnvironment\Response))
#10 [internal function]: Zend\Mvc\DispatchListener->onDispatch(Object(Zend\Mvc\MvcEvent))
#11 /var/www/BrtLabs/zend/skeleton-application/vendor/zendframework/zend-eventmanager/src/EventManager.php(490): call_user_func(Array, Object(Zend\Mvc\MvcEvent))
#12 /var/www/BrtLabs/zend/skeleton-application/vendor/zendframework/zend-eventmanager/src/EventManager.php(263): Zend\EventManager\EventManager->triggerListeners('dispatch', Object(Zend\Mvc\MvcEvent), Object(Closure))
#13 /var/www/BrtLabs/zend/skeleton-application/vendor/zendframework/zend-mvc/src/Application.php(340): Zend\EventManager\EventManager->triggerEventUntil(Object(Closure), Object(Zend\Mvc\MvcEvent))
#14 /var/www/BrtLabs/zend/skeleton-application/public/index.php(26): Zend\Mvc\Application->run()
#15 {main}
2016-09-23T14:11:46-03:00 CRIT (2): exception 'Exception' with message 'Could not find row 0' in /var/www/BrtLabs/zend/skeleton-application/module/Album/src/Album/Model/AlbumTable.php:27
Stack trace:
#0 /var/www/BrtLabs/zend/skeleton-application/module/AlbumRest/src/AlbumRest/Controller/AlbumRestController.php(37): Album\Model\AlbumTable->getAlbum(NULL)
#1 /var/www/BrtLabs/zend/skeleton-application/module/AlbumRest/src/AlbumRest/Controller/AlbumRestController.php(54): AlbumRest\Controller\AlbumRestController->get(NULL)
#2 /var/www/BrtLabs/zend/skeleton-application/vendor/zendframework/zend-mvc/src/Controller/AbstractRestfulController.php(458): AlbumRest\Controller\AlbumRestController->create(Array)
#3 /var/www/BrtLabs/zend/skeleton-application/vendor/zendframework/zend-mvc/src/Controller/AbstractRestfulController.php(416): Zend\Mvc\Controller\AbstractRestfulController->processPostData(Object(Zend\Http\PhpEnvironment\Request))
#4 [internal function]: Zend\Mvc\Controller\AbstractRestfulController->onDispatch(Object(Zend\Mvc\MvcEvent))
#5 /var/www/BrtLabs/zend/skeleton-application/vendor/zendframework/zend-eventmanager/src/EventManager.php(490): call_user_func(Array, Object(Zend\Mvc\MvcEvent))
#6 /var/www/BrtLabs/zend/skeleton-application/vendor/zendframework/zend-eventmanager/src/EventManager.php(263): Zend\EventManager\EventManager->triggerListeners('dispatch', Object(Zend\Mvc\MvcEvent), Object(Closure))
#7 /var/www/BrtLabs/zend/skeleton-application/vendor/zendframework/zend-mvc/src/Controller/AbstractController.php(118): Zend\EventManager\EventManager->triggerEventUntil(Object(Closure), Object(Zend\Mvc\MvcEvent))
#8 /var/www/BrtLabs/zend/skeleton-application/vendor/zendframework/zend-mvc/src/Controller/AbstractRestfulController.php(300): Zend\Mvc\Controller\AbstractController->dispatch(Object(Zend\Http\PhpEnvironment\Request), Object(Zend\Http\PhpEnvironment\Response))
#9 /var/www/BrtLabs/zend/skeleton-application/vendor/zendframework/zend-mvc/src/DispatchListener.php(118): Zend\Mvc\Controller\AbstractRestfulController->dispatch(Object(Zend\Http\PhpEnvironment\Request), Object(Zend\Http\PhpEnvironment\Response))
#10 [internal function]: Zend\Mvc\DispatchListener->onDispatch(Object(Zend\Mvc\MvcEvent))
#11 /var/www/BrtLabs/zend/skeleton-application/vendor/zendframework/zend-eventmanager/src/EventManager.php(490): call_user_func(Array, Object(Zend\Mvc\MvcEvent))
#12 /var/www/BrtLabs/zend/skeleton-application/vendor/zendframework/zend-eventmanager/src/EventManager.php(263): Zend\EventManager\EventManager->triggerListeners('dispatch', Object(Zend\Mvc\MvcEvent), Object(Closure))
#13 /var/www/BrtLabs/zend/skeleton-application/vendor/zendframework/zend-mvc/src/Application.php(340): Zend\EventManager\EventManager->triggerEventUntil(Object(Closure), Object(Zend\Mvc\MvcEvent))
#14 /var/www/BrtLabs/zend/skeleton-application/public/index.php(26): Zend\Mvc\Application->run()
#15 {main}
2016-09-23T14:18:15-03:00 CRIT (2): exception 'Exception' with message 'Could not find row 0' in /var/www/BrtLabs/zend/skeleton-application/module/Album/src/Album/Model/AlbumTable.php:27
Stack trace:
#0 /var/www/BrtLabs/zend/skeleton-application/module/AlbumRest/src/AlbumRest/Controller/AlbumRestController.php(37): Album\Model\AlbumTable->getAlbum(NULL)
#1 /var/www/BrtLabs/zend/skeleton-application/module/AlbumRest/src/AlbumRest/Controller/AlbumRestController.php(54): AlbumRest\Controller\AlbumRestController->get(NULL)
#2 /var/www/BrtLabs/zend/skeleton-application/vendor/zendframework/zend-mvc/src/Controller/AbstractRestfulController.php(458): AlbumRest\Controller\AlbumRestController->create(Array)
#3 /var/www/BrtLabs/zend/skeleton-application/vendor/zendframework/zend-mvc/src/Controller/AbstractRestfulController.php(416): Zend\Mvc\Controller\AbstractRestfulController->processPostData(Object(Zend\Http\PhpEnvironment\Request))
#4 [internal function]: Zend\Mvc\Controller\AbstractRestfulController->onDispatch(Object(Zend\Mvc\MvcEvent))
#5 /var/www/BrtLabs/zend/skeleton-application/vendor/zendframework/zend-eventmanager/src/EventManager.php(490): call_user_func(Array, Object(Zend\Mvc\MvcEvent))
#6 /var/www/BrtLabs/zend/skeleton-application/vendor/zendframework/zend-eventmanager/src/EventManager.php(263): Zend\EventManager\EventManager->triggerListeners('dispatch', Object(Zend\Mvc\MvcEvent), Object(Closure))
#7 /var/www/BrtLabs/zend/skeleton-application/vendor/zendframework/zend-mvc/src/Controller/AbstractController.php(118): Zend\EventManager\EventManager->triggerEventUntil(Object(Closure), Object(Zend\Mvc\MvcEvent))
#8 /var/www/BrtLabs/zend/skeleton-application/vendor/zendframework/zend-mvc/src/Controller/AbstractRestfulController.php(300): Zend\Mvc\Controller\AbstractController->dispatch(Object(Zend\Http\PhpEnvironment\Request), Object(Zend\Http\PhpEnvironment\Response))
#9 /var/www/BrtLabs/zend/skeleton-application/vendor/zendframework/zend-mvc/src/DispatchListener.php(118): Zend\Mvc\Controller\AbstractRestfulController->dispatch(Object(Zend\Http\PhpEnvironment\Request), Object(Zend\Http\PhpEnvironment\Response))
#10 [internal function]: Zend\Mvc\DispatchListener->onDispatch(Object(Zend\Mvc\MvcEvent))
#11 /var/www/BrtLabs/zend/skeleton-application/vendor/zendframework/zend-eventmanager/src/EventManager.php(490): call_user_func(Array, Object(Zend\Mvc\MvcEvent))
#12 /var/www/BrtLabs/zend/skeleton-application/vendor/zendframework/zend-eventmanager/src/EventManager.php(263): Zend\EventManager\EventManager->triggerListeners('dispatch', Object(Zend\Mvc\MvcEvent), Object(Closure))
#13 /var/www/BrtLabs/zend/skeleton-application/vendor/zendframework/zend-mvc/src/Application.php(340): Zend\EventManager\EventManager->triggerEventUntil(Object(Closure), Object(Zend\Mvc\MvcEvent))
#14 /var/www/BrtLabs/zend/skeleton-application/public/index.php(26): Zend\Mvc\Application->run()
#15 {main}
2016-09-23T14:20:04-03:00 CRIT (2): exception 'Exception' with message 'Could not find row 0' in /var/www/BrtLabs/zend/skeleton-application/module/Album/src/Album/Model/AlbumTable.php:27
Stack trace:
#0 /var/www/BrtLabs/zend/skeleton-application/module/AlbumRest/src/AlbumRest/Controller/AlbumRestController.php(37): Album\Model\AlbumTable->getAlbum(NULL)
#1 /var/www/BrtLabs/zend/skeleton-application/module/AlbumRest/src/AlbumRest/Controller/AlbumRestController.php(54): AlbumRest\Controller\AlbumRestController->get(NULL)
#2 /var/www/BrtLabs/zend/skeleton-application/vendor/zendframework/zend-mvc/src/Controller/AbstractRestfulController.php(458): AlbumRest\Controller\AlbumRestController->create(Array)
#3 /var/www/BrtLabs/zend/skeleton-application/vendor/zendframework/zend-mvc/src/Controller/AbstractRestfulController.php(416): Zend\Mvc\Controller\AbstractRestfulController->processPostData(Object(Zend\Http\PhpEnvironment\Request))
#4 [internal function]: Zend\Mvc\Controller\AbstractRestfulController->onDispatch(Object(Zend\Mvc\MvcEvent))
#5 /var/www/BrtLabs/zend/skeleton-application/vendor/zendframework/zend-eventmanager/src/EventManager.php(490): call_user_func(Array, Object(Zend\Mvc\MvcEvent))
#6 /var/www/BrtLabs/zend/skeleton-application/vendor/zendframework/zend-eventmanager/src/EventManager.php(263): Zend\EventManager\EventManager->triggerListeners('dispatch', Object(Zend\Mvc\MvcEvent), Object(Closure))
#7 /var/www/BrtLabs/zend/skeleton-application/vendor/zendframework/zend-mvc/src/Controller/AbstractController.php(118): Zend\EventManager\EventManager->triggerEventUntil(Object(Closure), Object(Zend\Mvc\MvcEvent))
#8 /var/www/BrtLabs/zend/skeleton-application/vendor/zendframework/zend-mvc/src/Controller/AbstractRestfulController.php(300): Zend\Mvc\Controller\AbstractController->dispatch(Object(Zend\Http\PhpEnvironment\Request), Object(Zend\Http\PhpEnvironment\Response))
#9 /var/www/BrtLabs/zend/skeleton-application/vendor/zendframework/zend-mvc/src/DispatchListener.php(118): Zend\Mvc\Controller\AbstractRestfulController->dispatch(Object(Zend\Http\PhpEnvironment\Request), Object(Zend\Http\PhpEnvironment\Response))
#10 [internal function]: Zend\Mvc\DispatchListener->onDispatch(Object(Zend\Mvc\MvcEvent))
#11 /var/www/BrtLabs/zend/skeleton-application/vendor/zendframework/zend-eventmanager/src/EventManager.php(490): call_user_func(Array, Object(Zend\Mvc\MvcEvent))
#12 /var/www/BrtLabs/zend/skeleton-application/vendor/zendframework/zend-eventmanager/src/EventManager.php(263): Zend\EventManager\EventManager->triggerListeners('dispatch', Object(Zend\Mvc\MvcEvent), Object(Closure))
#13 /var/www/BrtLabs/zend/skeleton-application/vendor/zendframework/zend-mvc/src/Application.php(340): Zend\EventManager\EventManager->triggerEventUntil(Object(Closure), Object(Zend\Mvc\MvcEvent))
#14 /var/www/BrtLabs/zend/skeleton-application/public/index.php(26): Zend\Mvc\Application->run()
#15 {main}
2016-09-23T14:26:08-03:00 CRIT (2): exception 'Exception' with message 'Could not find row 0' in /var/www/BrtLabs/zend/skeleton-application/module/Album/src/Album/Model/AlbumTable.php:27
Stack trace:
#0 /var/www/BrtLabs/zend/skeleton-application/module/AlbumRest/src/AlbumRest/Controller/AlbumRestController.php(37): Album\Model\AlbumTable->getAlbum(NULL)
#1 /var/www/BrtLabs/zend/skeleton-application/module/AlbumRest/src/AlbumRest/Controller/AlbumRestController.php(54): AlbumRest\Controller\AlbumRestController->get(NULL)
#2 /var/www/BrtLabs/zend/skeleton-application/vendor/zendframework/zend-mvc/src/Controller/AbstractRestfulController.php(458): AlbumRest\Controller\AlbumRestController->create(Array)
#3 /var/www/BrtLabs/zend/skeleton-application/vendor/zendframework/zend-mvc/src/Controller/AbstractRestfulController.php(416): Zend\Mvc\Controller\AbstractRestfulController->processPostData(Object(Zend\Http\PhpEnvironment\Request))
#4 [internal function]: Zend\Mvc\Controller\AbstractRestfulController->onDispatch(Object(Zend\Mvc\MvcEvent))
#5 /var/www/BrtLabs/zend/skeleton-application/vendor/zendframework/zend-eventmanager/src/EventManager.php(490): call_user_func(Array, Object(Zend\Mvc\MvcEvent))
#6 /var/www/BrtLabs/zend/skeleton-application/vendor/zendframework/zend-eventmanager/src/EventManager.php(263): Zend\EventManager\EventManager->triggerListeners('dispatch', Object(Zend\Mvc\MvcEvent), Object(Closure))
#7 /var/www/BrtLabs/zend/skeleton-application/vendor/zendframework/zend-mvc/src/Controller/AbstractController.php(118): Zend\EventManager\EventManager->triggerEventUntil(Object(Closure), Object(Zend\Mvc\MvcEvent))
#8 /var/www/BrtLabs/zend/skeleton-application/vendor/zendframework/zend-mvc/src/Controller/AbstractRestfulController.php(300): Zend\Mvc\Controller\AbstractController->dispatch(Object(Zend\Http\PhpEnvironment\Request), Object(Zend\Http\PhpEnvironment\Response))
#9 /var/www/BrtLabs/zend/skeleton-application/vendor/zendframework/zend-mvc/src/DispatchListener.php(118): Zend\Mvc\Controller\AbstractRestfulController->dispatch(Object(Zend\Http\PhpEnvironment\Request), Object(Zend\Http\PhpEnvironment\Response))
#10 [internal function]: Zend\Mvc\DispatchListener->onDispatch(Object(Zend\Mvc\MvcEvent))
#11 /var/www/BrtLabs/zend/skeleton-application/vendor/zendframework/zend-eventmanager/src/EventManager.php(490): call_user_func(Array, Object(Zend\Mvc\MvcEvent))
#12 /var/www/BrtLabs/zend/skeleton-application/vendor/zendframework/zend-eventmanager/src/EventManager.php(263): Zend\EventManager\EventManager->triggerListeners('dispatch', Object(Zend\Mvc\MvcEvent), Object(Closure))
#13 /var/www/BrtLabs/zend/skeleton-application/vendor/zendframework/zend-mvc/src/Application.php(340): Zend\EventManager\EventManager->triggerEventUntil(Object(Closure), Object(Zend\Mvc\MvcEvent))
#14 /var/www/BrtLabs/zend/skeleton-application/public/index.php(26): Zend\Mvc\Application->run()
#15 {main}
2016-09-23T14:39:03-03:00 CRIT (2): exception 'Exception' with message 'Could not find row 0' in /var/www/BrtLabs/zend/skeleton-application/module/Album/src/Album/Model/AlbumTable.php:27
Stack trace:
#0 /var/www/BrtLabs/zend/skeleton-application/module/AlbumRest/src/AlbumRest/Controller/AlbumRestController.php(37): Album\Model\AlbumTable->getAlbum(NULL)
#1 /var/www/BrtLabs/zend/skeleton-application/module/AlbumRest/src/AlbumRest/Controller/AlbumRestController.php(61): AlbumRest\Controller\AlbumRestController->get(NULL)
#2 /var/www/BrtLabs/zend/skeleton-application/vendor/zendframework/zend-mvc/src/Controller/AbstractRestfulController.php(458): AlbumRest\Controller\AlbumRestController->create(Array)
#3 /var/www/BrtLabs/zend/skeleton-application/vendor/zendframework/zend-mvc/src/Controller/AbstractRestfulController.php(416): Zend\Mvc\Controller\AbstractRestfulController->processPostData(Object(Zend\Http\PhpEnvironment\Request))
#4 [internal function]: Zend\Mvc\Controller\AbstractRestfulController->onDispatch(Object(Zend\Mvc\MvcEvent))
#5 /var/www/BrtLabs/zend/skeleton-application/vendor/zendframework/zend-eventmanager/src/EventManager.php(490): call_user_func(Array, Object(Zend\Mvc\MvcEvent))
#6 /var/www/BrtLabs/zend/skeleton-application/vendor/zendframework/zend-eventmanager/src/EventManager.php(263): Zend\EventManager\EventManager->triggerListeners('dispatch', Object(Zend\Mvc\MvcEvent), Object(Closure))
#7 /var/www/BrtLabs/zend/skeleton-application/vendor/zendframework/zend-mvc/src/Controller/AbstractController.php(118): Zend\EventManager\EventManager->triggerEventUntil(Object(Closure), Object(Zend\Mvc\MvcEvent))
#8 /var/www/BrtLabs/zend/skeleton-application/vendor/zendframework/zend-mvc/src/Controller/AbstractRestfulController.php(300): Zend\Mvc\Controller\AbstractController->dispatch(Object(Zend\Http\PhpEnvironment\Request), Object(Zend\Http\PhpEnvironment\Response))
#9 /var/www/BrtLabs/zend/skeleton-application/vendor/zendframework/zend-mvc/src/DispatchListener.php(118): Zend\Mvc\Controller\AbstractRestfulController->dispatch(Object(Zend\Http\PhpEnvironment\Request), Object(Zend\Http\PhpEnvironment\Response))
#10 [internal function]: Zend\Mvc\DispatchListener->onDispatch(Object(Zend\Mvc\MvcEvent))
#11 /var/www/BrtLabs/zend/skeleton-application/vendor/zendframework/zend-eventmanager/src/EventManager.php(490): call_user_func(Array, Object(Zend\Mvc\MvcEvent))
#12 /var/www/BrtLabs/zend/skeleton-application/vendor/zendframework/zend-eventmanager/src/EventManager.php(263): Zend\EventManager\EventManager->triggerListeners('dispatch', Object(Zend\Mvc\MvcEvent), Object(Closure))
#13 /var/www/BrtLabs/zend/skeleton-application/vendor/zendframework/zend-mvc/src/Application.php(340): Zend\EventManager\EventManager->triggerEventUntil(Object(Closure), Object(Zend\Mvc\MvcEvent))
#14 /var/www/BrtLabs/zend/skeleton-application/public/index.php(26): Zend\Mvc\Application->run()
#15 {main}
2016-09-23T14:42:25-03:00 CRIT (2): exception 'Exception' with message 'Could not find row 0' in /var/www/BrtLabs/zend/skeleton-application/module/Album/src/Album/Model/AlbumTable.php:27
Stack trace:
#0 /var/www/BrtLabs/zend/skeleton-application/module/AlbumRest/src/AlbumRest/Controller/AlbumRestController.php(37): Album\Model\AlbumTable->getAlbum(NULL)
#1 /var/www/BrtLabs/zend/skeleton-application/module/AlbumRest/src/AlbumRest/Controller/AlbumRestController.php(61): AlbumRest\Controller\AlbumRestController->get(NULL)
#2 /var/www/BrtLabs/zend/skeleton-application/vendor/zendframework/zend-mvc/src/Controller/AbstractRestfulController.php(458): AlbumRest\Controller\AlbumRestController->create(Array)
#3 /var/www/BrtLabs/zend/skeleton-application/vendor/zendframework/zend-mvc/src/Controller/AbstractRestfulController.php(416): Zend\Mvc\Controller\AbstractRestfulController->processPostData(Object(Zend\Http\PhpEnvironment\Request))
#4 [internal function]: Zend\Mvc\Controller\AbstractRestfulController->onDispatch(Object(Zend\Mvc\MvcEvent))
#5 /var/www/BrtLabs/zend/skeleton-application/vendor/zendframework/zend-eventmanager/src/EventManager.php(490): call_user_func(Array, Object(Zend\Mvc\MvcEvent))
#6 /var/www/BrtLabs/zend/skeleton-application/vendor/zendframework/zend-eventmanager/src/EventManager.php(263): Zend\EventManager\EventManager->triggerListeners('dispatch', Object(Zend\Mvc\MvcEvent), Object(Closure))
#7 /var/www/BrtLabs/zend/skeleton-application/vendor/zendframework/zend-mvc/src/Controller/AbstractController.php(118): Zend\EventManager\EventManager->triggerEventUntil(Object(Closure), Object(Zend\Mvc\MvcEvent))
#8 /var/www/BrtLabs/zend/skeleton-application/vendor/zendframework/zend-mvc/src/Controller/AbstractRestfulController.php(300): Zend\Mvc\Controller\AbstractController->dispatch(Object(Zend\Http\PhpEnvironment\Request), Object(Zend\Http\PhpEnvironment\Response))
#9 /var/www/BrtLabs/zend/skeleton-application/vendor/zendframework/zend-mvc/src/DispatchListener.php(118): Zend\Mvc\Controller\AbstractRestfulController->dispatch(Object(Zend\Http\PhpEnvironment\Request), Object(Zend\Http\PhpEnvironment\Response))
#10 [internal function]: Zend\Mvc\DispatchListener->onDispatch(Object(Zend\Mvc\MvcEvent))
#11 /var/www/BrtLabs/zend/skeleton-application/vendor/zendframework/zend-eventmanager/src/EventManager.php(490): call_user_func(Array, Object(Zend\Mvc\MvcEvent))
#12 /var/www/BrtLabs/zend/skeleton-application/vendor/zendframework/zend-eventmanager/src/EventManager.php(263): Zend\EventManager\EventManager->triggerListeners('dispatch', Object(Zend\Mvc\MvcEvent), Object(Closure))
#13 /var/www/BrtLabs/zend/skeleton-application/vendor/zendframework/zend-mvc/src/Application.php(340): Zend\EventManager\EventManager->triggerEventUntil(Object(Closure), Object(Zend\Mvc\MvcEvent))
#14 /var/www/BrtLabs/zend/skeleton-application/public/index.php(26): Zend\Mvc\Application->run()
#15 {main}
2016-09-23T14:42:32-03:00 CRIT (2): exception 'Exception' with message 'Could not find row 0' in /var/www/BrtLabs/zend/skeleton-application/module/Album/src/Album/Model/AlbumTable.php:27
Stack trace:
#0 /var/www/BrtLabs/zend/skeleton-application/module/AlbumRest/src/AlbumRest/Controller/AlbumRestController.php(37): Album\Model\AlbumTable->getAlbum(NULL)
#1 /var/www/BrtLabs/zend/skeleton-application/module/AlbumRest/src/AlbumRest/Controller/AlbumRestController.php(61): AlbumRest\Controller\AlbumRestController->get(NULL)
#2 /var/www/BrtLabs/zend/skeleton-application/vendor/zendframework/zend-mvc/src/Controller/AbstractRestfulController.php(458): AlbumRest\Controller\AlbumRestController->create(Array)
#3 /var/www/BrtLabs/zend/skeleton-application/vendor/zendframework/zend-mvc/src/Controller/AbstractRestfulController.php(416): Zend\Mvc\Controller\AbstractRestfulController->processPostData(Object(Zend\Http\PhpEnvironment\Request))
#4 [internal function]: Zend\Mvc\Controller\AbstractRestfulController->onDispatch(Object(Zend\Mvc\MvcEvent))
#5 /var/www/BrtLabs/zend/skeleton-application/vendor/zendframework/zend-eventmanager/src/EventManager.php(490): call_user_func(Array, Object(Zend\Mvc\MvcEvent))
#6 /var/www/BrtLabs/zend/skeleton-application/vendor/zendframework/zend-eventmanager/src/EventManager.php(263): Zend\EventManager\EventManager->triggerListeners('dispatch', Object(Zend\Mvc\MvcEvent), Object(Closure))
#7 /var/www/BrtLabs/zend/skeleton-application/vendor/zendframework/zend-mvc/src/Controller/AbstractController.php(118): Zend\EventManager\EventManager->triggerEventUntil(Object(Closure), Object(Zend\Mvc\MvcEvent))
#8 /var/www/BrtLabs/zend/skeleton-application/vendor/zendframework/zend-mvc/src/Controller/AbstractRestfulController.php(300): Zend\Mvc\Controller\AbstractController->dispatch(Object(Zend\Http\PhpEnvironment\Request), Object(Zend\Http\PhpEnvironment\Response))
#9 /var/www/BrtLabs/zend/skeleton-application/vendor/zendframework/zend-mvc/src/DispatchListener.php(118): Zend\Mvc\Controller\AbstractRestfulController->dispatch(Object(Zend\Http\PhpEnvironment\Request), Object(Zend\Http\PhpEnvironment\Response))
#10 [internal function]: Zend\Mvc\DispatchListener->onDispatch(Object(Zend\Mvc\MvcEvent))
#11 /var/www/BrtLabs/zend/skeleton-application/vendor/zendframework/zend-eventmanager/src/EventManager.php(490): call_user_func(Array, Object(Zend\Mvc\MvcEvent))
#12 /var/www/BrtLabs/zend/skeleton-application/vendor/zendframework/zend-eventmanager/src/EventManager.php(263): Zend\EventManager\EventManager->triggerListeners('dispatch', Object(Zend\Mvc\MvcEvent), Object(Closure))
#13 /var/www/BrtLabs/zend/skeleton-application/vendor/zendframework/zend-mvc/src/Application.php(340): Zend\EventManager\EventManager->triggerEventUntil(Object(Closure), Object(Zend\Mvc\MvcEvent))
#14 /var/www/BrtLabs/zend/skeleton-application/public/index.php(26): Zend\Mvc\Application->run()
#15 {main}
2016-09-23T14:43:43-03:00 CRIT (2): exception 'Exception' with message 'Could not find row 0' in /var/www/BrtLabs/zend/skeleton-application/module/Album/src/Album/Model/AlbumTable.php:27
Stack trace:
#0 /var/www/BrtLabs/zend/skeleton-application/module/AlbumRest/src/AlbumRest/Controller/AlbumRestController.php(37): Album\Model\AlbumTable->getAlbum(NULL)
#1 /var/www/BrtLabs/zend/skeleton-application/module/AlbumRest/src/AlbumRest/Controller/AlbumRestController.php(61): AlbumRest\Controller\AlbumRestController->get(NULL)
#2 /var/www/BrtLabs/zend/skeleton-application/vendor/zendframework/zend-mvc/src/Controller/AbstractRestfulController.php(458): AlbumRest\Controller\AlbumRestController->create(Array)
#3 /var/www/BrtLabs/zend/skeleton-application/vendor/zendframework/zend-mvc/src/Controller/AbstractRestfulController.php(416): Zend\Mvc\Controller\AbstractRestfulController->processPostData(Object(Zend\Http\PhpEnvironment\Request))
#4 [internal function]: Zend\Mvc\Controller\AbstractRestfulController->onDispatch(Object(Zend\Mvc\MvcEvent))
#5 /var/www/BrtLabs/zend/skeleton-application/vendor/zendframework/zend-eventmanager/src/EventManager.php(490): call_user_func(Array, Object(Zend\Mvc\MvcEvent))
#6 /var/www/BrtLabs/zend/skeleton-application/vendor/zendframework/zend-eventmanager/src/EventManager.php(263): Zend\EventManager\EventManager->triggerListeners('dispatch', Object(Zend\Mvc\MvcEvent), Object(Closure))
#7 /var/www/BrtLabs/zend/skeleton-application/vendor/zendframework/zend-mvc/src/Controller/AbstractController.php(118): Zend\EventManager\EventManager->triggerEventUntil(Object(Closure), Object(Zend\Mvc\MvcEvent))
#8 /var/www/BrtLabs/zend/skeleton-application/vendor/zendframework/zend-mvc/src/Controller/AbstractRestfulController.php(300): Zend\Mvc\Controller\AbstractController->dispatch(Object(Zend\Http\PhpEnvironment\Request), Object(Zend\Http\PhpEnvironment\Response))
#9 /var/www/BrtLabs/zend/skeleton-application/vendor/zendframework/zend-mvc/src/DispatchListener.php(118): Zend\Mvc\Controller\AbstractRestfulController->dispatch(Object(Zend\Http\PhpEnvironment\Request), Object(Zend\Http\PhpEnvironment\Response))
#10 [internal function]: Zend\Mvc\DispatchListener->onDispatch(Object(Zend\Mvc\MvcEvent))
#11 /var/www/BrtLabs/zend/skeleton-application/vendor/zendframework/zend-eventmanager/src/EventManager.php(490): call_user_func(Array, Object(Zend\Mvc\MvcEvent))
#12 /var/www/BrtLabs/zend/skeleton-application/vendor/zendframework/zend-eventmanager/src/EventManager.php(263): Zend\EventManager\EventManager->triggerListeners('dispatch', Object(Zend\Mvc\MvcEvent), Object(Closure))
#13 /var/www/BrtLabs/zend/skeleton-application/vendor/zendframework/zend-mvc/src/Application.php(340): Zend\EventManager\EventManager->triggerEventUntil(Object(Closure), Object(Zend\Mvc\MvcEvent))
#14 /var/www/BrtLabs/zend/skeleton-application/public/index.php(26): Zend\Mvc\Application->run()
#15 {main}
2016-09-23T14:49:22-03:00 CRIT (2): exception 'Exception' with message 'Could not find row 0' in /var/www/BrtLabs/zend/skeleton-application/module/Album/src/Album/Model/AlbumTable.php:27
Stack trace:
#0 /var/www/BrtLabs/zend/skeleton-application/module/AlbumRest/src/AlbumRest/Controller/AlbumRestController.php(37): Album\Model\AlbumTable->getAlbum(NULL)
#1 /var/www/BrtLabs/zend/skeleton-application/module/AlbumRest/src/AlbumRest/Controller/AlbumRestController.php(66): AlbumRest\Controller\AlbumRestController->get(NULL)
#2 /var/www/BrtLabs/zend/skeleton-application/vendor/zendframework/zend-mvc/src/Controller/AbstractRestfulController.php(458): AlbumRest\Controller\AlbumRestController->create(Array)
#3 /var/www/BrtLabs/zend/skeleton-application/vendor/zendframework/zend-mvc/src/Controller/AbstractRestfulController.php(416): Zend\Mvc\Controller\AbstractRestfulController->processPostData(Object(Zend\Http\PhpEnvironment\Request))
#4 [internal function]: Zend\Mvc\Controller\AbstractRestfulController->onDispatch(Object(Zend\Mvc\MvcEvent))
#5 /var/www/BrtLabs/zend/skeleton-application/vendor/zendframework/zend-eventmanager/src/EventManager.php(490): call_user_func(Array, Object(Zend\Mvc\MvcEvent))
#6 /var/www/BrtLabs/zend/skeleton-application/vendor/zendframework/zend-eventmanager/src/EventManager.php(263): Zend\EventManager\EventManager->triggerListeners('dispatch', Object(Zend\Mvc\MvcEvent), Object(Closure))
#7 /var/www/BrtLabs/zend/skeleton-application/vendor/zendframework/zend-mvc/src/Controller/AbstractController.php(118): Zend\EventManager\EventManager->triggerEventUntil(Object(Closure), Object(Zend\Mvc\MvcEvent))
#8 /var/www/BrtLabs/zend/skeleton-application/vendor/zendframework/zend-mvc/src/Controller/AbstractRestfulController.php(300): Zend\Mvc\Controller\AbstractController->dispatch(Object(Zend\Http\PhpEnvironment\Request), Object(Zend\Http\PhpEnvironment\Response))
#9 /var/www/BrtLabs/zend/skeleton-application/vendor/zendframework/zend-mvc/src/DispatchListener.php(118): Zend\Mvc\Controller\AbstractRestfulController->dispatch(Object(Zend\Http\PhpEnvironment\Request), Object(Zend\Http\PhpEnvironment\Response))
#10 [internal function]: Zend\Mvc\DispatchListener->onDispatch(Object(Zend\Mvc\MvcEvent))
#11 /var/www/BrtLabs/zend/skeleton-application/vendor/zendframework/zend-eventmanager/src/EventManager.php(490): call_user_func(Array, Object(Zend\Mvc\MvcEvent))
#12 /var/www/BrtLabs/zend/skeleton-application/vendor/zendframework/zend-eventmanager/src/EventManager.php(263): Zend\EventManager\EventManager->triggerListeners('dispatch', Object(Zend\Mvc\MvcEvent), Object(Closure))
#13 /var/www/BrtLabs/zend/skeleton-application/vendor/zendframework/zend-mvc/src/Application.php(340): Zend\EventManager\EventManager->triggerEventUntil(Object(Closure), Object(Zend\Mvc\MvcEvent))
#14 /var/www/BrtLabs/zend/skeleton-application/public/index.php(26): Zend\Mvc\Application->run()
#15 {main}
